app/build/intermediates/manifest_merge_blame_file/debug/manifest-merger-blame-debug-report.txt
1<?xml version="1.0" encoding="utf-8"?>
2<manifest xmlns:android="http://schemas.android.com/apk/res/android"
3    package="com.mrboomdev.androididelombok"
4    android:versionCode="1"
5    android:versionName="1.0" >
6
7    <uses-sdk
8        android:minSdkVersion="25"
8-->src/main/AndroidManifest.xml
9        android:targetSdkVersion="32" />
9-->src/main/AndroidManifest.xml
10
11    <queries>
11-->[com.itsaky.androidide:logsender:2.4.1-beta-bb9e20dc7-SNAPSHOT] AndroidManifest.xml:23:5-25:15
12        <package android:name="com.itsaky.androidide" />
12-->[com.itsaky.androidide:logsender:2.4.1-beta-bb9e20dc7-SNAPSHOT] AndroidManifest.xml:24:9-57
12-->[com.itsaky.androidide:logsender:2.4.1-beta-bb9e20dc7-SNAPSHOT] AndroidManifest.xml:24:18-54
13    </queries>
14
15    <uses-permission android:name="android.permission.INTERNET" />
15-->[com.itsaky.androidide:logsender:2.4.1-beta-bb9e20dc7-SNAPSHOT] AndroidManifest.xml:27:5-67
15-->[com.itsaky.androidide:logsender:2.4.1-beta-bb9e20dc7-SNAPSHOT] AndroidManifest.xml:27:22-64
16    <uses-permission android:name="com.itsaky.androidide.permission.BIND_LOG_SERVICE" />
16-->[com.itsaky.androidide:logsender:2.4.1-beta-bb9e20dc7-SNAPSHOT] AndroidManifest.xml:28:5-89
16-->[com.itsaky.androidide:logsender:2.4.1-beta-bb9e20dc7-SNAPSHOT] AndroidManifest.xml:28:22-86
17
18    <application
18-->src/main/AndroidManifest.xml:5:5-23:19
19        android:allowBackup="true"
19-->src/main/AndroidManifest.xml:6:9-35
20        android:appComponentFactory="androidx.core.app.CoreComponentFactory"
20-->[androidx.core:core:1.7.0] AndroidManifest.xml:24:18-86
21        android:debuggable="true"
22        android:extractNativeLibs="false"
23        android:icon="@mipmap/ic_launcher"
23-->src/main/AndroidManifest.xml:7:9-43
24        android:label="@string/app_name"
24-->src/main/AndroidManifest.xml:8:9-41
25        android:roundIcon="@mipmap/ic_launcher_round"
25-->src/main/AndroidManifest.xml:9:9-54
26        android:supportsRtl="true"
26-->src/main/AndroidManifest.xml:10:9-35
27        android:theme="@style/Theme.Application" >
27-->src/main/AndroidManifest.xml:11:9-49
28        <activity
28-->src/main/AndroidManifest.xml:12:9-22:20
29            android:name="com.mrboomdev.androididelombok.MainActivity"
29-->src/main/AndroidManifest.xml:13:13-41
30            android:exported="true"
30-->src/main/AndroidManifest.xml:14:13-36
31            android:label="@string/app_name"
31-->src/main/AndroidManifest.xml:15:13-45
32            android:theme="@style/Theme.Application.NoActionBar" >
32-->src/main/AndroidManifest.xml:16:13-65
33            <intent-filter>
33-->src/main/AndroidManifest.xml:17:13-21:29
34                <action android:name="android.intent.action.MAIN" />
34-->src/main/AndroidManifest.xml:18:17-69
34-->src/main/AndroidManifest.xml:18:25-66
35
36                <category android:name="android.intent.category.LAUNCHER" />
36-->src/main/AndroidManifest.xml:20:17-77
36-->src/main/AndroidManifest.xml:20:27-74
37            </intent-filter>
38        </activity>
39
40        <provider
40-->[com.itsaky.androidide:logsender:2.4.1-beta-bb9e20dc7-SNAPSHOT] AndroidManifest.xml:31:9-35:40
41            android:name="com.itsaky.androidide.logsender.utils.LogSenderInstaller"
41-->[com.itsaky.androidide:logsender:2.4.1-beta-bb9e20dc7-SNAPSHOT] AndroidManifest.xml:32:13-84
42            android:authorities="com.mrboomdev.androididelombok.logsender-installer"
42-->[com.itsaky.androidide:logsender:2.4.1-beta-bb9e20dc7-SNAPSHOT] AndroidManifest.xml:33:13-71
43            android:enabled="@bool/logsender_enabled"
43-->[com.itsaky.androidide:logsender:2.4.1-beta-bb9e20dc7-SNAPSHOT] AndroidManifest.xml:34:13-54
44            android:exported="false" />
44-->[com.itsaky.androidide:logsender:2.4.1-beta-bb9e20dc7-SNAPSHOT] AndroidManifest.xml:35:13-37
45        <provider
45-->[androidx.emoji2:emoji2:1.0.0] AndroidManifest.xml:26:9-34:20
46            android:name="androidx.startup.InitializationProvider"
46-->[androidx.emoji2:emoji2:1.0.0] AndroidManifest.xml:27:13-67
47            android:authorities="com.mrboomdev.androididelombok.androidx-startup"
47-->[androidx.emoji2:emoji2:1.0.0] AndroidManifest.xml:28:13-68
48            android:exported="false" >
48-->[androidx.emoji2:emoji2:1.0.0] AndroidManifest.xml:29:13-37
49            <meta-data
49-->[androidx.emoji2:emoji2:1.0.0] AndroidManifest.xml:31:13-33:52
50                android:name="androidx.emoji2.text.EmojiCompatInitializer"
50-->[androidx.emoji2:emoji2:1.0.0] AndroidManifest.xml:32:17-75
51                android:value="androidx.startup" />
51-->[androidx.emoji2:emoji2:1.0.0] AndroidManifest.xml:33:17-49
52            <meta-data
52-->[androidx.lifecycle:lifecycle-process:2.4.0] AndroidManifest.xml:31:13-33:52
53                android:name="androidx.lifecycle.ProcessLifecycleInitializer"
53-->[androidx.lifecycle:lifecycle-process:2.4.0] AndroidManifest.xml:32:17-78
54                android:value="androidx.startup" />
54-->[androidx.lifecycle:lifecycle-process:2.4.0] AndroidManifest.xml:33:17-49
55        </provider>
56    </application>
57
58</manifest>